2023-07-16 12:18:02.366 [info] Extension host with pid 1418 started
2023-07-16 12:18:02.421 [info] ExtensionService#_doActivateExtension vscode.github-authentication, startup: false, activationEvent: 'onAuthenticationRequest:github'
2023-07-16 12:18:02.433 [info] ExtensionService#_doActivateExtension vscode.git-base, startup: true, activationEvent: '*', root cause: vscode.git
2023-07-16 12:18:02.435 [info] ExtensionService#_doActivateExtension oderwat.indent-rainbow, startup: true, activationEvent: '*'
2023-07-16 12:18:02.437 [info] ExtensionService#_doActivateExtension vscode.microsoft-authentication, startup: false, activationEvent: 'onAuthenticationRequest:microsoft'
2023-07-16 12:18:02.443 [info] ExtensionService#_doActivateExtension vscode.git, startup: true, activationEvent: '*'
2023-07-16 12:18:02.454 [info] ExtensionService#_doActivateExtension vscode.github, startup: true, activationEvent: '*'
2023-07-16 12:18:02.498 [info] Eager extensions activated
2023-07-16 12:18:02.508 [info] ExtensionService#_doActivateExtension vscode.debug-auto-launch, startup: false, activationEvent: 'onStartupFinished'
2023-07-16 12:18:02.509 [info] ExtensionService#_doActivateExtension vscode.merge-conflict, startup: false, activationEvent: 'onStartupFinished'
2023-07-16 12:18:02.515 [info] ExtensionService#_doActivateExtension bradlc.vscode-tailwindcss, startup: false, activationEvent: 'onStartupFinished'
2023-07-16 12:18:02.523 [info] ExtensionService#_doActivateExtension dbaeumer.vscode-eslint, startup: false, activationEvent: 'onStartupFinished'
2023-07-16 12:18:02.528 [info] ExtensionService#_doActivateExtension dsznajder.es7-react-js-snippets, startup: false, activationEvent: 'onStartupFinished'
2023-07-16 12:18:02.645 [info] ExtensionService#_doActivateExtension eamodio.gitlens, startup: false, activationEvent: 'onStartupFinished'
2023-07-16 12:18:02.661 [info] ExtensionService#_doActivateExtension esbenp.prettier-vscode, startup: false, activationEvent: 'onStartupFinished'
2023-07-16 12:18:02.676 [info] ExtensionService#_doActivateExtension moalamri.inline-fold, startup: false, activationEvent: 'onStartupFinished'
2023-07-16 12:18:02.679 [info] ExtensionService#_doActivateExtension PKief.material-icon-theme, startup: false, activationEvent: 'onStartupFinished'
2023-07-16 12:18:02.683 [info] ExtensionService#_doActivateExtension ritwickdey.LiveServer, startup: false, activationEvent: 'onStartupFinished'
2023-07-16 12:18:24.748 [info] Extension host terminating: renderer closed the MessagePort
2023-07-16 12:18:24.754 [error] An error occurred when deactivating the extension 'moalamri.inline-fold':
2023-07-16 12:18:24.755 [error] TypeError: Cannot read properties of undefined (reading 'subscriptions')
	at Object.deactivate (/Users/kiran/.vscode/extensions/moalamri.inline-fold-0.2.4/out/extension.js:64:13)
	at i.Z (/Users/kiran/Downloads/Visual Studio Code.app/Contents/Resources/app/out/vs/workbench/api/node/extensionHostProcess.js:113:10175)
	at /Users/kiran/Downloads/Visual Studio Code.app/Contents/Resources/app/out/vs/workbench/api/node/extensionHostProcess.js:113:8332
	at Array.map (<anonymous>)
	at i.S (/Users/kiran/Downloads/Visual Studio Code.app/Contents/Resources/app/out/vs/workbench/api/node/extensionHostProcess.js:113:8319)
	at i.terminate (/Users/kiran/Downloads/Visual Studio Code.app/Contents/Resources/app/out/vs/workbench/api/node/extensionHostProcess.js:113:8591)
	at u.terminate (/Users/kiran/Downloads/Visual Studio Code.app/Contents/Resources/app/out/vs/workbench/api/node/extensionHostProcess.js:117:1532)
	at E (/Users/kiran/Downloads/Visual Studio Code.app/Contents/Resources/app/out/vs/workbench/api/node/extensionHostProcess.js:127:32236)
	at MessagePortMain.<anonymous> (/Users/kiran/Downloads/Visual Studio Code.app/Contents/Resources/app/out/vs/workbench/api/node/extensionHostProcess.js:127:28665)
	at MessagePortMain.emit (node:events:513:28)
	at MessagePortMain._internalPort.emit (node:electron/js2c/utility_init:2:367)
2023-07-16 12:18:24.757 [error] Canceled: Canceled
	at new h (/Users/kiran/Downloads/Visual Studio Code.app/Contents/Resources/app/out/vs/workbench/api/node/extensionHostProcess.js:99:42413)
	at t.O (/Users/kiran/Downloads/Visual Studio Code.app/Contents/Resources/app/out/vs/workbench/api/node/extensionHostProcess.js:111:11236)
	at U.<computed>.q.charCodeAt.U.<computed> (/Users/kiran/Downloads/Visual Studio Code.app/Contents/Resources/app/out/vs/workbench/api/node/extensionHostProcess.js:111:8675)
	at e.$vL.g (/Users/kiran/Downloads/Visual Studio Code.app/Contents/Resources/app/out/vs/workbench/api/node/extensionHostProcess.js:99:63549)
	at e.$vL.executeCommand (/Users/kiran/Downloads/Visual Studio Code.app/Contents/Resources/app/out/vs/workbench/api/node/extensionHostProcess.js:99:62973)
	at P.registerCommand.description (/Users/kiran/Downloads/Visual Studio Code.app/Contents/Resources/app/out/vs/workbench/api/node/extensionHostProcess.js:99:62280)
	at e.$vL.h (/Users/kiran/Downloads/Visual Studio Code.app/Contents/Resources/app/out/vs/workbench/api/node/extensionHostProcess.js:99:64085)
	at e.$vL.g (/Users/kiran/Downloads/Visual Studio Code.app/Contents/Resources/app/out/vs/workbench/api/node/extensionHostProcess.js:99:63073)
	at e.$vL.executeCommand (/Users/kiran/Downloads/Visual Studio Code.app/Contents/Resources/app/out/vs/workbench/api/node/extensionHostProcess.js:99:62973)
	at Object.executeCommand (/Users/kiran/Downloads/Visual Studio Code.app/Contents/Resources/app/out/vs/workbench/api/node/extensionHostProcess.js:117:20971)
	at g (/Users/kiran/.vscode/extensions/eamodio.gitlens-14.1.0/dist/gitlens.js:1:940377)
	at c (/Users/kiran/.vscode/extensions/eamodio.gitlens-14.1.0/dist/gitlens.js:1:945018)
	at ActionRunners._updateContextKeys (/Users/kiran/.vscode/extensions/eamodio.gitlens-14.1.0/dist/gitlens.js:1:37756)
	at s (/Users/kiran/.vscode/extensions/eamodio.gitlens-14.1.0/dist/gitlens.js:1:36175)
	at RegisteredActionRunner.unregister (/Users/kiran/.vscode/extensions/eamodio.gitlens-14.1.0/dist/gitlens.js:1:36319)
	at RegisteredActionRunner.dispose (/Users/kiran/.vscode/extensions/eamodio.gitlens-14.1.0/dist/gitlens.js:1:34984)
	at ActionRunners.dispose (/Users/kiran/.vscode/extensions/eamodio.gitlens-14.1.0/dist/gitlens.js:1:35761)
	at /Users/kiran/.vscode/extensions/eamodio.gitlens-14.1.0/dist/gitlens.js:1:669832
	at Array.forEach (<anonymous>)
	at Object.dispose (/Users/kiran/.vscode/extensions/eamodio.gitlens-14.1.0/dist/gitlens.js:1:669817)
	at S (/Users/kiran/Downloads/Visual Studio Code.app/Contents/Resources/app/out/vs/workbench/api/node/extensionHostProcess.js:10:11731)
	at i.Z (/Users/kiran/Downloads/Visual Studio Code.app/Contents/Resources/app/out/vs/workbench/api/node/extensionHostProcess.js:113:10370)
	at /Users/kiran/Downloads/Visual Studio Code.app/Contents/Resources/app/out/vs/workbench/api/node/extensionHostProcess.js:113:8332
	at Array.map (<anonymous>)
	at i.S (/Users/kiran/Downloads/Visual Studio Code.app/Contents/Resources/app/out/vs/workbench/api/node/extensionHostProcess.js:113:8319)
	at i.terminate (/Users/kiran/Downloads/Visual Studio Code.app/Contents/Resources/app/out/vs/workbench/api/node/extensionHostProcess.js:113:8591)
	at u.terminate (/Users/kiran/Downloads/Visual Studio Code.app/Contents/Resources/app/out/vs/workbench/api/node/extensionHostProcess.js:117:1532)
	at E (/Users/kiran/Downloads/Visual Studio Code.app/Contents/Resources/app/out/vs/workbench/api/node/extensionHostProcess.js:127:32236)
	at MessagePortMain.<anonymous> (/Users/kiran/Downloads/Visual Studio Code.app/Contents/Resources/app/out/vs/workbench/api/node/extensionHostProcess.js:127:28665)
	at MessagePortMain.emit (node:events:513:28)
	at MessagePortMain._internalPort.emit (node:electron/js2c/utility_init:2:367) setContext undefined
2023-07-16 12:18:24.757 [error] Canceled: Canceled
	at new h (/Users/kiran/Downloads/Visual Studio Code.app/Contents/Resources/app/out/vs/workbench/api/node/extensionHostProcess.js:99:42413)
	at t.O (/Users/kiran/Downloads/Visual Studio Code.app/Contents/Resources/app/out/vs/workbench/api/node/extensionHostProcess.js:111:11236)
	at U.<computed>.q.charCodeAt.U.<computed> (/Users/kiran/Downloads/Visual Studio Code.app/Contents/Resources/app/out/vs/workbench/api/node/extensionHostProcess.js:111:8675)
	at e.$vL.g (/Users/kiran/Downloads/Visual Studio Code.app/Contents/Resources/app/out/vs/workbench/api/node/extensionHostProcess.js:99:63549)
	at e.$vL.executeCommand (/Users/kiran/Downloads/Visual Studio Code.app/Contents/Resources/app/out/vs/workbench/api/node/extensionHostProcess.js:99:62973)
	at P.registerCommand.description (/Users/kiran/Downloads/Visual Studio Code.app/Contents/Resources/app/out/vs/workbench/api/node/extensionHostProcess.js:99:62280)
	at e.$vL.h (/Users/kiran/Downloads/Visual Studio Code.app/Contents/Resources/app/out/vs/workbench/api/node/extensionHostProcess.js:99:64085)
	at e.$vL.g (/Users/kiran/Downloads/Visual Studio Code.app/Contents/Resources/app/out/vs/workbench/api/node/extensionHostProcess.js:99:63073)
	at e.$vL.executeCommand (/Users/kiran/Downloads/Visual Studio Code.app/Contents/Resources/app/out/vs/workbench/api/node/extensionHostProcess.js:99:62973)
	at Object.executeCommand (/Users/kiran/Downloads/Visual Studio Code.app/Contents/Resources/app/out/vs/workbench/api/node/extensionHostProcess.js:117:20971)
	at g (/Users/kiran/.vscode/extensions/eamodio.gitlens-14.1.0/dist/gitlens.js:1:940377)
	at c (/Users/kiran/.vscode/extensions/eamodio.gitlens-14.1.0/dist/gitlens.js:1:945018)
	at ActionRunners._updateContextKeys (/Users/kiran/.vscode/extensions/eamodio.gitlens-14.1.0/dist/gitlens.js:1:37756)
	at s (/Users/kiran/.vscode/extensions/eamodio.gitlens-14.1.0/dist/gitlens.js:1:36175)
	at RegisteredActionRunner.unregister (/Users/kiran/.vscode/extensions/eamodio.gitlens-14.1.0/dist/gitlens.js:1:36319)
	at RegisteredActionRunner.dispose (/Users/kiran/.vscode/extensions/eamodio.gitlens-14.1.0/dist/gitlens.js:1:34984)
	at ActionRunners.dispose (/Users/kiran/.vscode/extensions/eamodio.gitlens-14.1.0/dist/gitlens.js:1:35761)
	at /Users/kiran/.vscode/extensions/eamodio.gitlens-14.1.0/dist/gitlens.js:1:669832
	at Array.forEach (<anonymous>)
	at Object.dispose (/Users/kiran/.vscode/extensions/eamodio.gitlens-14.1.0/dist/gitlens.js:1:669817)
	at S (/Users/kiran/Downloads/Visual Studio Code.app/Contents/Resources/app/out/vs/workbench/api/node/extensionHostProcess.js:10:11731)
	at i.Z (/Users/kiran/Downloads/Visual Studio Code.app/Contents/Resources/app/out/vs/workbench/api/node/extensionHostProcess.js:113:10370)
	at /Users/kiran/Downloads/Visual Studio Code.app/Contents/Resources/app/out/vs/workbench/api/node/extensionHostProcess.js:113:8332
	at Array.map (<anonymous>)
	at i.S (/Users/kiran/Downloads/Visual Studio Code.app/Contents/Resources/app/out/vs/workbench/api/node/extensionHostProcess.js:113:8319)
	at i.terminate (/Users/kiran/Downloads/Visual Studio Code.app/Contents/Resources/app/out/vs/workbench/api/node/extensionHostProcess.js:113:8591)
	at u.terminate (/Users/kiran/Downloads/Visual Studio Code.app/Contents/Resources/app/out/vs/workbench/api/node/extensionHostProcess.js:117:1532)
	at E (/Users/kiran/Downloads/Visual Studio Code.app/Contents/Resources/app/out/vs/workbench/api/node/extensionHostProcess.js:127:32236)
	at MessagePortMain.<anonymous> (/Users/kiran/Downloads/Visual Studio Code.app/Contents/Resources/app/out/vs/workbench/api/node/extensionHostProcess.js:127:28665)
	at MessagePortMain.emit (node:events:513:28)
	at MessagePortMain._internalPort.emit (node:electron/js2c/utility_init:2:367) setContext undefined
2023-07-16 12:18:24.757 [error] Canceled: Canceled
	at new h (/Users/kiran/Downloads/Visual Studio Code.app/Contents/Resources/app/out/vs/workbench/api/node/extensionHostProcess.js:99:42413)
	at t.O (/Users/kiran/Downloads/Visual Studio Code.app/Contents/Resources/app/out/vs/workbench/api/node/extensionHostProcess.js:111:11236)
	at U.<computed>.q.charCodeAt.U.<computed> (/Users/kiran/Downloads/Visual Studio Code.app/Contents/Resources/app/out/vs/workbench/api/node/extensionHostProcess.js:111:8675)
	at e.$vL.g (/Users/kiran/Downloads/Visual Studio Code.app/Contents/Resources/app/out/vs/workbench/api/node/extensionHostProcess.js:99:63549)
	at e.$vL.executeCommand (/Users/kiran/Downloads/Visual Studio Code.app/Contents/Resources/app/out/vs/workbench/api/node/extensionHostProcess.js:99:62973)
	at P.registerCommand.description (/Users/kiran/Downloads/Visual Studio Code.app/Contents/Resources/app/out/vs/workbench/api/node/extensionHostProcess.js:99:62280)
	at e.$vL.h (/Users/kiran/Downloads/Visual Studio Code.app/Contents/Resources/app/out/vs/workbench/api/node/extensionHostProcess.js:99:64085)
	at e.$vL.g (/Users/kiran/Downloads/Visual Studio Code.app/Contents/Resources/app/out/vs/workbench/api/node/extensionHostProcess.js:99:63073)
	at e.$vL.executeCommand (/Users/kiran/Downloads/Visual Studio Code.app/Contents/Resources/app/out/vs/workbench/api/node/extensionHostProcess.js:99:62973)
	at Object.executeCommand (/Users/kiran/Downloads/Visual Studio Code.app/Contents/Resources/app/out/vs/workbench/api/node/extensionHostProcess.js:117:20971)
	at g (/Users/kiran/.vscode/extensions/eamodio.gitlens-14.1.0/dist/gitlens.js:1:940377)
	at c (/Users/kiran/.vscode/extensions/eamodio.gitlens-14.1.0/dist/gitlens.js:1:945018)
	at ActionRunners._updateContextKeys (/Users/kiran/.vscode/extensions/eamodio.gitlens-14.1.0/dist/gitlens.js:1:37756)
	at s (/Users/kiran/.vscode/extensions/eamodio.gitlens-14.1.0/dist/gitlens.js:1:36175)
	at RegisteredActionRunner.unregister (/Users/kiran/.vscode/extensions/eamodio.gitlens-14.1.0/dist/gitlens.js:1:36319)
	at RegisteredActionRunner.dispose (/Users/kiran/.vscode/extensions/eamodio.gitlens-14.1.0/dist/gitlens.js:1:34984)
	at ActionRunners.dispose (/Users/kiran/.vscode/extensions/eamodio.gitlens-14.1.0/dist/gitlens.js:1:35761)
	at /Users/kiran/.vscode/extensions/eamodio.gitlens-14.1.0/dist/gitlens.js:1:669832
	at Array.forEach (<anonymous>)
	at Object.dispose (/Users/kiran/.vscode/extensions/eamodio.gitlens-14.1.0/dist/gitlens.js:1:669817)
	at S (/Users/kiran/Downloads/Visual Studio Code.app/Contents/Resources/app/out/vs/workbench/api/node/extensionHostProcess.js:10:11731)
	at i.Z (/Users/kiran/Downloads/Visual Studio Code.app/Contents/Resources/app/out/vs/workbench/api/node/extensionHostProcess.js:113:10370)
	at /Users/kiran/Downloads/Visual Studio Code.app/Contents/Resources/app/out/vs/workbench/api/node/extensionHostProcess.js:113:8332
	at Array.map (<anonymous>)
	at i.S (/Users/kiran/Downloads/Visual Studio Code.app/Contents/Resources/app/out/vs/workbench/api/node/extensionHostProcess.js:113:8319)
	at i.terminate (/Users/kiran/Downloads/Visual Studio Code.app/Contents/Resources/app/out/vs/workbench/api/node/extensionHostProcess.js:113:8591)
	at u.terminate (/Users/kiran/Downloads/Visual Studio Code.app/Contents/Resources/app/out/vs/workbench/api/node/extensionHostProcess.js:117:1532)
	at E (/Users/kiran/Downloads/Visual Studio Code.app/Contents/Resources/app/out/vs/workbench/api/node/extensionHostProcess.js:127:32236)
	at MessagePortMain.<anonymous> (/Users/kiran/Downloads/Visual Studio Code.app/Contents/Resources/app/out/vs/workbench/api/node/extensionHostProcess.js:127:28665)
	at MessagePortMain.emit (node:events:513:28)
	at MessagePortMain._internalPort.emit (node:electron/js2c/utility_init:2:367) setContext undefined
2023-07-16 12:18:24.758 [error] Canceled: Canceled
	at new h (/Users/kiran/Downloads/Visual Studio Code.app/Contents/Resources/app/out/vs/workbench/api/node/extensionHostProcess.js:99:42413)
	at t.O (/Users/kiran/Downloads/Visual Studio Code.app/Contents/Resources/app/out/vs/workbench/api/node/extensionHostProcess.js:111:11236)
	at U.<computed>.q.charCodeAt.U.<computed> (/Users/kiran/Downloads/Visual Studio Code.app/Contents/Resources/app/out/vs/workbench/api/node/extensionHostProcess.js:111:8675)
	at e.$vL.g (/Users/kiran/Downloads/Visual Studio Code.app/Contents/Resources/app/out/vs/workbench/api/node/extensionHostProcess.js:99:63549)
	at e.$vL.executeCommand (/Users/kiran/Downloads/Visual Studio Code.app/Contents/Resources/app/out/vs/workbench/api/node/extensionHostProcess.js:99:62973)
	at P.registerCommand.description (/Users/kiran/Downloads/Visual Studio Code.app/Contents/Resources/app/out/vs/workbench/api/node/extensionHostProcess.js:99:62280)
	at e.$vL.h (/Users/kiran/Downloads/Visual Studio Code.app/Contents/Resources/app/out/vs/workbench/api/node/extensionHostProcess.js:99:64085)
	at e.$vL.g (/Users/kiran/Downloads/Visual Studio Code.app/Contents/Resources/app/out/vs/workbench/api/node/extensionHostProcess.js:99:63073)
	at e.$vL.executeCommand (/Users/kiran/Downloads/Visual Studio Code.app/Contents/Resources/app/out/vs/workbench/api/node/extensionHostProcess.js:99:62973)
	at Object.executeCommand (/Users/kiran/Downloads/Visual Studio Code.app/Contents/Resources/app/out/vs/workbench/api/node/extensionHostProcess.js:117:20971)
	at g (/Users/kiran/.vscode/extensions/eamodio.gitlens-14.1.0/dist/gitlens.js:1:940377)
	at c (/Users/kiran/.vscode/extensions/eamodio.gitlens-14.1.0/dist/gitlens.js:1:945018)
	at ActionRunners._updateContextKeys (/Users/kiran/.vscode/extensions/eamodio.gitlens-14.1.0/dist/gitlens.js:1:37756)
	at s (/Users/kiran/.vscode/extensions/eamodio.gitlens-14.1.0/dist/gitlens.js:1:36175)
	at RegisteredActionRunner.unregister (/Users/kiran/.vscode/extensions/eamodio.gitlens-14.1.0/dist/gitlens.js:1:36319)
	at RegisteredActionRunner.dispose (/Users/kiran/.vscode/extensions/eamodio.gitlens-14.1.0/dist/gitlens.js:1:34984)
	at Object.dispose (/Users/kiran/.vscode/extensions/eamodio.gitlens-14.1.0/dist/gitlens.js:1:36416)
	at S (/Users/kiran/Downloads/Visual Studio Code.app/Contents/Resources/app/out/vs/workbench/api/node/extensionHostProcess.js:10:11731)
	at i.Z (/Users/kiran/Downloads/Visual Studio Code.app/Contents/Resources/app/out/vs/workbench/api/node/extensionHostProcess.js:113:10370)
	at /Users/kiran/Downloads/Visual Studio Code.app/Contents/Resources/app/out/vs/workbench/api/node/extensionHostProcess.js:113:8332
	at Array.map (<anonymous>)
	at i.S (/Users/kiran/Downloads/Visual Studio Code.app/Contents/Resources/app/out/vs/workbench/api/node/extensionHostProcess.js:113:8319)
	at i.terminate (/Users/kiran/Downloads/Visual Studio Code.app/Contents/Resources/app/out/vs/workbench/api/node/extensionHostProcess.js:113:8591)
	at u.terminate (/Users/kiran/Downloads/Visual Studio Code.app/Contents/Resources/app/out/vs/workbench/api/node/extensionHostProcess.js:117:1532)
	at E (/Users/kiran/Downloads/Visual Studio Code.app/Contents/Resources/app/out/vs/workbench/api/node/extensionHostProcess.js:127:32236)
	at MessagePortMain.<anonymous> (/Users/kiran/Downloads/Visual Studio Code.app/Contents/Resources/app/out/vs/workbench/api/node/extensionHostProcess.js:127:28665)
	at MessagePortMain.emit (node:events:513:28)
	at MessagePortMain._internalPort.emit (node:electron/js2c/utility_init:2:367) setContext undefined
2023-07-16 12:18:24.758 [error] Canceled: Canceled
	at new h (/Users/kiran/Downloads/Visual Studio Code.app/Contents/Resources/app/out/vs/workbench/api/node/extensionHostProcess.js:99:42413)
	at t.O (/Users/kiran/Downloads/Visual Studio Code.app/Contents/Resources/app/out/vs/workbench/api/node/extensionHostProcess.js:111:11236)
	at U.<computed>.q.charCodeAt.U.<computed> (/Users/kiran/Downloads/Visual Studio Code.app/Contents/Resources/app/out/vs/workbench/api/node/extensionHostProcess.js:111:8675)
	at e.$vL.g (/Users/kiran/Downloads/Visual Studio Code.app/Contents/Resources/app/out/vs/workbench/api/node/extensionHostProcess.js:99:63549)
	at e.$vL.executeCommand (/Users/kiran/Downloads/Visual Studio Code.app/Contents/Resources/app/out/vs/workbench/api/node/extensionHostProcess.js:99:62973)
	at P.registerCommand.description (/Users/kiran/Downloads/Visual Studio Code.app/Contents/Resources/app/out/vs/workbench/api/node/extensionHostProcess.js:99:62280)
	at e.$vL.h (/Users/kiran/Downloads/Visual Studio Code.app/Contents/Resources/app/out/vs/workbench/api/node/extensionHostProcess.js:99:64085)
	at e.$vL.g (/Users/kiran/Downloads/Visual Studio Code.app/Contents/Resources/app/out/vs/workbench/api/node/extensionHostProcess.js:99:63073)
	at e.$vL.executeCommand (/Users/kiran/Downloads/Visual Studio Code.app/Contents/Resources/app/out/vs/workbench/api/node/extensionHostProcess.js:99:62973)
	at Object.executeCommand (/Users/kiran/Downloads/Visual Studio Code.app/Contents/Resources/app/out/vs/workbench/api/node/extensionHostProcess.js:117:20971)
	at g (/Users/kiran/.vscode/extensions/eamodio.gitlens-14.1.0/dist/gitlens.js:1:940377)
	at c (/Users/kiran/.vscode/extensions/eamodio.gitlens-14.1.0/dist/gitlens.js:1:945018)
	at ActionRunners._updateContextKeys (/Users/kiran/.vscode/extensions/eamodio.gitlens-14.1.0/dist/gitlens.js:1:37756)
	at s (/Users/kiran/.vscode/extensions/eamodio.gitlens-14.1.0/dist/gitlens.js:1:36175)
	at RegisteredActionRunner.unregister (/Users/kiran/.vscode/extensions/eamodio.gitlens-14.1.0/dist/gitlens.js:1:36319)
	at RegisteredActionRunner.dispose (/Users/kiran/.vscode/extensions/eamodio.gitlens-14.1.0/dist/gitlens.js:1:34984)
	at Object.dispose (/Users/kiran/.vscode/extensions/eamodio.gitlens-14.1.0/dist/gitlens.js:1:36416)
	at S (/Users/kiran/Downloads/Visual Studio Code.app/Contents/Resources/app/out/vs/workbench/api/node/extensionHostProcess.js:10:11731)
	at i.Z (/Users/kiran/Downloads/Visual Studio Code.app/Contents/Resources/app/out/vs/workbench/api/node/extensionHostProcess.js:113:10370)
	at /Users/kiran/Downloads/Visual Studio Code.app/Contents/Resources/app/out/vs/workbench/api/node/extensionHostProcess.js:113:8332
	at Array.map (<anonymous>)
	at i.S (/Users/kiran/Downloads/Visual Studio Code.app/Contents/Resources/app/out/vs/workbench/api/node/extensionHostProcess.js:113:8319)
	at i.terminate (/Users/kiran/Downloads/Visual Studio Code.app/Contents/Resources/app/out/vs/workbench/api/node/extensionHostProcess.js:113:8591)
	at u.terminate (/Users/kiran/Downloads/Visual Studio Code.app/Contents/Resources/app/out/vs/workbench/api/node/extensionHostProcess.js:117:1532)
	at E (/Users/kiran/Downloads/Visual Studio Code.app/Contents/Resources/app/out/vs/workbench/api/node/extensionHostProcess.js:127:32236)
	at MessagePortMain.<anonymous> (/Users/kiran/Downloads/Visual Studio Code.app/Contents/Resources/app/out/vs/workbench/api/node/extensionHostProcess.js:127:28665)
	at MessagePortMain.emit (node:events:513:28)
	at MessagePortMain._internalPort.emit (node:electron/js2c/utility_init:2:367) setContext undefined
2023-07-16 12:18:24.758 [error] Canceled: Canceled
	at new h (/Users/kiran/Downloads/Visual Studio Code.app/Contents/Resources/app/out/vs/workbench/api/node/extensionHostProcess.js:99:42413)
	at t.O (/Users/kiran/Downloads/Visual Studio Code.app/Contents/Resources/app/out/vs/workbench/api/node/extensionHostProcess.js:111:11236)
	at U.<computed>.q.charCodeAt.U.<computed> (/Users/kiran/Downloads/Visual Studio Code.app/Contents/Resources/app/out/vs/workbench/api/node/extensionHostProcess.js:111:8675)
	at e.$vL.g (/Users/kiran/Downloads/Visual Studio Code.app/Contents/Resources/app/out/vs/workbench/api/node/extensionHostProcess.js:99:63549)
	at e.$vL.executeCommand (/Users/kiran/Downloads/Visual Studio Code.app/Contents/Resources/app/out/vs/workbench/api/node/extensionHostProcess.js:99:62973)
	at P.registerCommand.description (/Users/kiran/Downloads/Visual Studio Code.app/Contents/Resources/app/out/vs/workbench/api/node/extensionHostProcess.js:99:62280)
	at e.$vL.h (/Users/kiran/Downloads/Visual Studio Code.app/Contents/Resources/app/out/vs/workbench/api/node/extensionHostProcess.js:99:64085)
	at e.$vL.g (/Users/kiran/Downloads/Visual Studio Code.app/Contents/Resources/app/out/vs/workbench/api/node/extensionHostProcess.js:99:63073)
	at e.$vL.executeCommand (/Users/kiran/Downloads/Visual Studio Code.app/Contents/Resources/app/out/vs/workbench/api/node/extensionHostProcess.js:99:62973)
	at Object.executeCommand (/Users/kiran/Downloads/Visual Studio Code.app/Contents/Resources/app/out/vs/workbench/api/node/extensionHostProcess.js:117:20971)
	at g (/Users/kiran/.vscode/extensions/eamodio.gitlens-14.1.0/dist/gitlens.js:1:940377)
	at c (/Users/kiran/.vscode/extensions/eamodio.gitlens-14.1.0/dist/gitlens.js:1:945018)
	at ActionRunners._updateContextKeys (/Users/kiran/.vscode/extensions/eamodio.gitlens-14.1.0/dist/gitlens.js:1:37756)
	at s (/Users/kiran/.vscode/extensions/eamodio.gitlens-14.1.0/dist/gitlens.js:1:36175)
	at RegisteredActionRunner.unregister (/Users/kiran/.vscode/extensions/eamodio.gitlens-14.1.0/dist/gitlens.js:1:36319)
	at RegisteredActionRunner.dispose (/Users/kiran/.vscode/extensions/eamodio.gitlens-14.1.0/dist/gitlens.js:1:34984)
	at Object.dispose (/Users/kiran/.vscode/extensions/eamodio.gitlens-14.1.0/dist/gitlens.js:1:36416)
	at S (/Users/kiran/Downloads/Visual Studio Code.app/Contents/Resources/app/out/vs/workbench/api/node/extensionHostProcess.js:10:11731)
	at i.Z (/Users/kiran/Downloads/Visual Studio Code.app/Contents/Resources/app/out/vs/workbench/api/node/extensionHostProcess.js:113:10370)
	at /Users/kiran/Downloads/Visual Studio Code.app/Contents/Resources/app/out/vs/workbench/api/node/extensionHostProcess.js:113:8332
	at Array.map (<anonymous>)
	at i.S (/Users/kiran/Downloads/Visual Studio Code.app/Contents/Resources/app/out/vs/workbench/api/node/extensionHostProcess.js:113:8319)
	at i.terminate (/Users/kiran/Downloads/Visual Studio Code.app/Contents/Resources/app/out/vs/workbench/api/node/extensionHostProcess.js:113:8591)
	at u.terminate (/Users/kiran/Downloads/Visual Studio Code.app/Contents/Resources/app/out/vs/workbench/api/node/extensionHostProcess.js:117:1532)
	at E (/Users/kiran/Downloads/Visual Studio Code.app/Contents/Resources/app/out/vs/workbench/api/node/extensionHostProcess.js:127:32236)
	at MessagePortMain.<anonymous> (/Users/kiran/Downloads/Visual Studio Code.app/Contents/Resources/app/out/vs/workbench/api/node/extensionHostProcess.js:127:28665)
	at MessagePortMain.emit (node:events:513:28)
	at MessagePortMain._internalPort.emit (node:electron/js2c/utility_init:2:367) setContext undefined
2023-07-16 12:18:24.758 [info] Extension host with pid 1418 exiting with code 0
